<?xml version="1.0" encoding="UTF-8"?>
<testng-results ignored="0" total="2" passed="2" failed="0" skipped="0">
  <reporter-output>
  </reporter-output>
  <suite started-at="2023-04-27T15:19:40 IST" name="Default suite" finished-at="2023-04-27T15:20:12 IST" duration-ms="32445">
    <groups>
    </groups>
    <test started-at="2023-04-27T15:19:40 IST" name="Default test" finished-at="2023-04-27T15:20:12 IST" duration-ms="32445">
      <class name="testblack1.NewTest4">
        <test-method signature="tc_1()[pri:0, instance:testblack1.NewTest4@790132f7]" started-at="2023-04-27T15:19:40 IST" name="tc_1" finished-at="2023-04-27T15:19:56 IST" duration-ms="15654" status="PASS">
          <reporter-output>
          </reporter-output>
        </test-method> <!-- tc_1 -->
        <test-method signature="tc_2()[pri:0, instance:testblack1.NewTest4@790132f7]" started-at="2023-04-27T15:19:56 IST" name="tc_2" finished-at="2023-04-27T15:20:12 IST" duration-ms="16737" status="PASS">
          <reporter-output>
          </reporter-output>
        </test-method> <!-- tc_2 -->
      </class> <!-- testblack1.NewTest4 -->
    </test> <!-- Default test -->
  </suite> <!-- Default suite -->
</testng-results>
